<?xml version="1.0" encoding="UTF-8"?>
<!-- Generated by org.testng.reporters.JUnitXMLReporter -->
<testsuite ignored="0" hostname="DESKTOP-L3U3DAD" failures="0" tests="4" name="Default test" time="8.092" errors="0" timestamp="2025-05-14T16:14:31 GMT+03:00">
  <testcase classname="APIProject.APIProject.AppTest" name="insertIntoDatabase" time="0.145"/>
  <testcase classname="APIProject.APIProject.AppTest" name="updateDatabase" time="0.262"/>
  <testcase classname="APIProject.APIProject.AppTest" name="readFromDatabase" time="0.852"/>
  <testcase classname="APIProject.APIProject.AppTest" name="deleteDataFromDatabase" time="0.175"/>
</testsuite> <!-- Default test -->
