<?xml version="1.0" encoding="UTF-8"?>
<testng-results ignored="0" total="4" passed="4" failed="0" skipped="0">
  <reporter-output>
  </reporter-output>
  <suite started-at="2025-05-14T16:14:23 GMT+03:00" name="Default suite" finished-at="2025-05-14T16:14:31 GMT+03:00" duration-ms="8092">
    <groups>
    </groups>
    <test started-at="2025-05-14T16:14:23 GMT+03:00" name="Default test" finished-at="2025-05-14T16:14:31 GMT+03:00" duration-ms="8092">
      <class name="APIProject.APIProject.AppTest">
        <test-method is-config="true" signature="mySetup()[pri:0, instance:APIProject.APIProject.AppTest@2e61d218]" started-at="2025-05-14T16:14:23 GMT+03:00" name="mySetup" finished-at="2025-05-14T16:14:30 GMT+03:00" duration-ms="6569" status="PASS">
          <reporter-output>
          </reporter-output>
        </test-method> <!-- mySetup -->
        <test-method signature="insertIntoDatabase()[pri:1, instance:APIProject.APIProject.AppTest@2e61d218]" started-at="2025-05-14T16:14:30 GMT+03:00" name="insertIntoDatabase" finished-at="2025-05-14T16:14:30 GMT+03:00" duration-ms="145" status="PASS">
          <reporter-output>
          </reporter-output>
        </test-method> <!-- insertIntoDatabase -->
        <test-method signature="updateDatabase()[pri:2, instance:APIProject.APIProject.AppTest@2e61d218]" started-at="2025-05-14T16:14:30 GMT+03:00" name="updateDatabase" finished-at="2025-05-14T16:14:30 GMT+03:00" duration-ms="262" status="PASS">
          <reporter-output>
          </reporter-output>
        </test-method> <!-- updateDatabase -->
        <test-method signature="readFromDatabase()[pri:3, instance:APIProject.APIProject.AppTest@2e61d218]" started-at="2025-05-14T16:14:30 GMT+03:00" name="readFromDatabase" finished-at="2025-05-14T16:14:31 GMT+03:00" duration-ms="852" status="PASS">
          <reporter-output>
          </reporter-output>
        </test-method> <!-- readFromDatabase -->
        <test-method signature="deleteDataFromDatabase()[pri:4, instance:APIProject.APIProject.AppTest@2e61d218]" started-at="2025-05-14T16:14:31 GMT+03:00" name="deleteDataFromDatabase" finished-at="2025-05-14T16:14:31 GMT+03:00" duration-ms="175" status="PASS">
          <reporter-output>
          </reporter-output>
        </test-method> <!-- deleteDataFromDatabase -->
      </class> <!-- APIProject.APIProject.AppTest -->
    </test> <!-- Default test -->
  </suite> <!-- Default suite -->
</testng-results>
